<?xml version="1.0" encoding="UTF-8" ?>
<testsuite tests="4" failures="1" name="com.sample.TestLogin" time="0.016" errors="0" skipped="0">
  <properties>
[...]
</properties>
  <testcase classname="com.sample.TestLogin" name="test1" time="0.008"/>
  <testcase classname="com.sample.TestLogin" name="test2" time="0"/>
  <testcase classname="com.sample.TestLogin" name="test3" time="0.008">
    <failure message="expected [true] but found [false]" type="java.lang.AssertionError">java.lang.AssertionError: expected [true] but found [false]
	at org.testng.Assert.fail(Assert.java:111)
	at org.testng.Assert.failNotEquals(Assert.java:1578)
	at org.testng.Assert.assertEqualsImpl(Assert.java:150)
	at org.testng.Assert.assertEquals(Assert.java:132)
	at org.testng.Assert.assertEquals(Assert.java:1067)
	at org.testng.Assert.assertEquals(Assert.java:1031)
	at org.testng.Assert.assertEquals(Assert.java:1077)
	at com.sample.TestLogin.test3(TestLogin.java:28)
</failure>
  </testcase>
  <testcase classname="com.sample.TestLogin" name="test4" time="0"/>
</testsuite>