<?xml version="1.0" encoding="UTF-8"?>
<!-- Generated by org.testng.reporters.JUnitXMLReporter -->
<testsuite ignored="0" hostname="IPC71" failures="1" tests="4" name="Command line test" time="0.045" errors="0" timestamp="2023-09-29T05:55:09 IST">
  <testcase classname="com.sample.TestLogin" name="test1" time="0.006"/>
  <testcase classname="com.sample.TestLogin" name="test2" time="0.0"/>
  <testcase classname="com.sample.TestLogin" name="test3" time="0.005">
    <failure type="java.lang.AssertionError" message="expected [true] but found [false]">
      <![CDATA[java.lang.AssertionError: expected [true] but found [false]
at com.sample.TestLogin.test3(TestLogin.java:28)
at java.base/java.util.ArrayList.forEach(ArrayList.java:1511)
... Removed 43 stack frames]]>
    </failure>
  </testcase> <!-- test3 -->
  <testcase classname="com.sample.TestLogin" name="test4" time="0.0"/>
</testsuite> <!-- Command line test -->
